{"name": "Тест на весь флоу успешного оформления заказа и подтверждение что он оформлен", "status": "broken", "statusDetails": {"message": "selenium.common.exceptions.TimeoutException: Message: \nStacktrace:\nRemoteError@chrome://remote/content/shared/RemoteError.sys.mjs:8:8\nWebDriverError@chrome://remote/content/shared/webdriver/Errors.sys.mjs:193:5\nNoSuchElementError@chrome://remote/content/shared/webdriver/Errors.sys.mjs:511:5\ndom.find/</<@chrome://remote/content/shared/DOM.sys.mjs:136:16", "trace": "self = <tests.test_order_page.TestOrderPage object at 0x1066ca3a0>\ndriver = <selenium.webdriver.firefox.webdriver.WebDriver (session=\"301525bb-1479-4ce7-a2a6-1173b79698f7\")>, name = 'Вася', last_name = 'Сидоров', address = 'Химки'\nday = '14.11.2024'\n\n    @allure.description('Параметризуем тестовые данные для оформления заказа')\n    @pytest.mark.parametrize(\n        'name, last_name, address, day',\n        [\n            ('Петя', 'Иванов', 'Москва', '11.11.2024'),\n            ('Вася', 'Сидоров', 'Химки', '14.11.2024')\n        ]\n    )\n    @allure.title('Тест на весь флоу успешного оформления заказа и подтверждение что он оформлен')\n    def test_successful_order(self, driver, name, last_name, address, day):\n        order_page = OrderPage(driver)\n        main_page = MainPage(driver)\n        main_page.get_order_page_by_clicking_upper_order_page()\n>       order_page.set_order(name, last_name, address, day)\n\ntest_order_page.py:35: \n_ _ _ _ _ _ _ _ _ _ _ _ _ _ _ _ _ _ _ _ _ _ _ _ _ _ _ _ _ _ _ _ _ _ _ _ _ _ _ _ _ _ _ _ _ _ _ _ _ _ _ _ _ _ _ _ _ _ _ _ _ _ _ _ _ _ _ _ _ _ _ _ _ _ _ _ _ _ _ _ _ _ _ _ _ _ _\n../pages/order_page.py:16: in set_order\n    self.click_to_element(OrderPageLocators.STATION_LOCATOR)\n../pages/base_page.py:15: in click_to_element\n    WebDriverWait(self.driver, 5).until(expected_conditions.element_to_be_clickable(locator))\n_ _ _ _ _ _ _ _ _ _ _ _ _ _ _ _ _ _ _ _ _ _ _ _ _ _ _ _ _ _ _ _ _ _ _ _ _ _ _ _ _ _ _ _ _ _ _ _ _ _ _ _ _ _ _ _ _ _ _ _ _ _ _ _ _ _ _ _ _ _ _ _ _ _ _ _ _ _ _ _ _ _ _ _ _ _ _\n\nself = <selenium.webdriver.support.wait.WebDriverWait (session=\"301525bb-1479-4ce7-a2a6-1173b79698f7\")>\nmethod = <function element_to_be_clickable.<locals>._predicate at 0x1067430d0>, message = ''\n\n    def until(self, method: Callable[[D], Union[Literal[False], T]], message: str = \"\") -> T:\n        \"\"\"Calls the method provided with the driver as an argument until the \\\n        return value does not evaluate to ``False``.\n    \n        :param method: callable(WebDriver)\n        :param message: optional message for :exc:`TimeoutException`\n        :returns: the result of the last call to `method`\n        :raises: :exc:`selenium.common.exceptions.TimeoutException` if timeout occurs\n        \"\"\"\n        screen = None\n        stacktrace = None\n    \n        end_time = time.monotonic() + self._timeout\n        while True:\n            try:\n                value = method(self._driver)\n                if value:\n                    return value\n            except self._ignored_exceptions as exc:\n                screen = getattr(exc, \"screen\", None)\n                stacktrace = getattr(exc, \"stacktrace\", None)\n            time.sleep(self._poll)\n            if time.monotonic() > end_time:\n                break\n>       raise TimeoutException(message, screen, stacktrace)\nE       selenium.common.exceptions.TimeoutException: Message: \nE       Stacktrace:\nE       RemoteError@chrome://remote/content/shared/RemoteError.sys.mjs:8:8\nE       WebDriverError@chrome://remote/content/shared/webdriver/Errors.sys.mjs:193:5\nE       NoSuchElementError@chrome://remote/content/shared/webdriver/Errors.sys.mjs:511:5\nE       dom.find/</<@chrome://remote/content/shared/DOM.sys.mjs:136:16\n\n../venv/lib/python3.9/site-packages/selenium/webdriver/support/wait.py:105: TimeoutException"}, "description": "Параметризуем тестовые данные для оформления заказа", "steps": [{"name": "Открываем страницу заказа нажав на верхню кнопку \"Заказать\"", "status": "passed", "start": 1729324432070, "stop": 1729324437069}, {"name": "Создаем заказ", "status": "broken", "statusDetails": {"message": "selenium.common.exceptions.TimeoutException: Message: \nStacktrace:\nRemoteError@chrome://remote/content/shared/RemoteError.sys.mjs:8:8\nWebDriverError@chrome://remote/content/shared/webdriver/Errors.sys.mjs:193:5\nNoSuchElementError@chrome://remote/content/shared/webdriver/Errors.sys.mjs:511:5\ndom.find/</<@chrome://remote/content/shared/DOM.sys.mjs:136:16\n\n", "trace": "  File \"/Users/ivlevroman/PycharmProjects/Sprint_6/venv/lib/python3.9/site-packages/allure_commons/_allure.py\", line 192, in impl\n    return func(*a, **kw)\n  File \"/Users/ivlevroman/PycharmProjects/Sprint_6/pages/order_page.py\", line 16, in set_order\n    self.click_to_element(OrderPageLocators.STATION_LOCATOR)\n  File \"/Users/ivlevroman/PycharmProjects/Sprint_6/pages/base_page.py\", line 15, in click_to_element\n    WebDriverWait(self.driver, 5).until(expected_conditions.element_to_be_clickable(locator))\n  File \"/Users/ivlevroman/PycharmProjects/Sprint_6/venv/lib/python3.9/site-packages/selenium/webdriver/support/wait.py\", line 105, in until\n    raise TimeoutException(message, screen, stacktrace)\n"}, "parameters": [{"name": "name", "value": "'Вася'"}, {"name": "last_name", "value": "'Сидоров'"}, {"name": "address", "value": "'Химки'"}, {"name": "day", "value": "'14.11.2024'"}], "start": 1729324437070, "stop": 1729324442441}], "parameters": [{"name": "name", "value": "'Вася'"}, {"name": "last_name", "value": "'Сидоров'"}, {"name": "address", "value": "'Химки'"}, {"name": "day", "value": "'14.11.2024'"}], "start": 1729324432069, "stop": 1729324442452, "uuid": "69934677-2ecf-4c53-894d-056d9b78a316", "historyId": "f5cc1503e0edde2f253b01684ede36d4", "testCaseId": "dd489515e6eae6fca4492cc9585d8cee", "fullName": "test_order_page.TestOrderPage#test_successful_order", "labels": [{"name": "suite", "value": "test_order_page"}, {"name": "subSuite", "value": "TestOrderPage"}, {"name": "host", "value": "MacBook-Air-Ivlev-2.local"}, {"name": "thread", "value": "51353-MainThread"}, {"name": "framework", "value": "pytest"}, {"name": "language", "value": "cpython3"}, {"name": "package", "value": "test_order_page"}]}